# gmm-align-compiled --transition-scale=1.0 --acoustic-scale=0.1 --self-loop-scale=0.1 --beam=10 --retry-beam=40 --careful=false "gmm-boost-silence --boost=1.25 1 /Users/hyungwonyang/Documents/ASR_project/kaldi_project/exp/kaldi_recipes/k1/exp/mono/6.mdl - |" "ark:gunzip -c /Users/hyungwonyang/Documents/ASR_project/kaldi_project/exp/kaldi_recipes/k1/exp/mono/fsts.1.gz|" "ark:copy-feats ark:/Users/hyungwonyang/Documents/ASR_project/kaldi_project/exp/kaldi_recipes/k1/fft_feature/new_fft.1.ark ark:- |" "ark,t:|gzip -c >/Users/hyungwonyang/Documents/ASR_project/kaldi_project/exp/kaldi_recipes/k1/exp/mono/ali.1.gz" 
# Started at Thu Oct 27 13:16:04 KST 2016
#
gmm-align-compiled --transition-scale=1.0 --acoustic-scale=0.1 --self-loop-scale=0.1 --beam=10 --retry-beam=40 --careful=false 'gmm-boost-silence --boost=1.25 1 /Users/hyungwonyang/Documents/ASR_project/kaldi_project/exp/kaldi_recipes/k1/exp/mono/6.mdl - |' 'ark:gunzip -c /Users/hyungwonyang/Documents/ASR_project/kaldi_project/exp/kaldi_recipes/k1/exp/mono/fsts.1.gz|' 'ark:copy-feats ark:/Users/hyungwonyang/Documents/ASR_project/kaldi_project/exp/kaldi_recipes/k1/fft_feature/new_fft.1.ark ark:- |' 'ark,t:|gzip -c >/Users/hyungwonyang/Documents/ASR_project/kaldi_project/exp/kaldi_recipes/k1/exp/mono/ali.1.gz' 
gmm-boost-silence --boost=1.25 1 /Users/hyungwonyang/Documents/ASR_project/kaldi_project/exp/kaldi_recipes/k1/exp/mono/6.mdl - 
WARNING (gmm-boost-silence:main():gmm-boost-silence.cc:82) The pdfs for the silence phones may be shared by other phones (note: this probably does not matter.)
LOG (gmm-boost-silence:main():gmm-boost-silence.cc:93) Boosted weights for 5 pdfs, by factor of 1.25
LOG (gmm-boost-silence:main():gmm-boost-silence.cc:103) Wrote model to -
copy-feats ark:/Users/hyungwonyang/Documents/ASR_project/kaldi_project/exp/kaldi_recipes/k1/fft_feature/new_fft.1.ark ark:- 
WARNING (gmm-align-compiled:AlignUtteranceWrapper():decoder-wrappers.cc:466) Retrying utterance fv01_t01_s03 with beam 40
WARNING (gmm-align-compiled:AlignUtteranceWrapper():decoder-wrappers.cc:475) Did not successfully decode file fv01_t01_s03, len = 624
WARNING (gmm-align-compiled:AlignUtteranceWrapper():decoder-wrappers.cc:466) Retrying utterance fv01_t01_s04 with beam 40
WARNING (gmm-align-compiled:AlignUtteranceWrapper():decoder-wrappers.cc:475) Did not successfully decode file fv01_t01_s04, len = 1201
LOG (copy-feats:main():copy-feats.cc:101) Copied 5 feature matrices.
WARNING (gmm-align-compiled:AlignUtteranceWrapper():decoder-wrappers.cc:466) Retrying utterance fv01_t01_s05 with beam 40
WARNING (gmm-align-compiled:AlignUtteranceWrapper():decoder-wrappers.cc:475) Did not successfully decode file fv01_t01_s05, len = 1436
LOG (gmm-align-compiled:main():gmm-align-compiled.cc:129) Overall log-likelihood per frame is -1661.54 over 889 frames.
LOG (gmm-align-compiled:main():gmm-align-compiled.cc:131) Retried 3 out of 5 utterances.
LOG (gmm-align-compiled:main():gmm-align-compiled.cc:133) Done 2, errors on 3
# Accounting: time=3 threads=1
# Ended (code 0) at Thu Oct 27 13:16:07 KST 2016, elapsed time 3 seconds
